<?xml version="1.0" encoding="UTF-8"?>
<testng-results ignored="0" total="2" passed="2" failed="0" skipped="0">
  <reporter-output>
  </reporter-output>
  <suite started-at="2022-08-05T20:05:52 IST" name="Suite" finished-at="2022-08-05T20:06:18 IST" duration-ms="25651">
    <groups>
    </groups>
    <test started-at="2022-08-05T20:05:52 IST" name="LoginTest" finished-at="2022-08-05T20:06:18 IST" duration-ms="25651">
      <class name="appServices.LoginService">
        <test-method is-config="true" signature="setupSuite()[pri:0, instance:appServices.LoginService@2d7275fc]" started-at="2022-08-05T20:05:51 IST" name="setupSuite" finished-at="2022-08-05T20:05:52 IST" duration-ms="1813" status="PASS">
          <reporter-output>
          </reporter-output>
        </test-method> <!-- setupSuite -->
        <test-method is-config="true" signature="startBrowser()[pri:0, instance:appServices.LoginService@2d7275fc]" started-at="2022-08-05T20:05:52 IST" name="startBrowser" finished-at="2022-08-05T20:06:13 IST" duration-ms="20159" status="PASS">
          <reporter-output>
          </reporter-output>
        </test-method> <!-- startBrowser -->
        <test-method signature="verifyValidLogin()[pri:0, instance:appServices.LoginService@2d7275fc]" started-at="2022-08-05T20:06:13 IST" name="verifyValidLogin" description="Valid Login Test" finished-at="2022-08-05T20:06:16 IST" duration-ms="2946" status="PASS">
          <reporter-output>
          </reporter-output>
        </test-method> <!-- verifyValidLogin -->
        <test-method is-config="true" signature="getResult(org.testng.ITestResult)[pri:0, instance:appServices.LoginService@2d7275fc]" started-at="2022-08-05T20:06:16 IST" name="getResult" finished-at="2022-08-05T20:06:16 IST" duration-ms="502" status="PASS">
          <params>
            <param index="0">
              <value>
                <![CDATA[[TestResult name=verifyValidLogin status=SUCCESS method=LoginService.verifyValidLogin()[pri:0, instance:appServices.LoginService@2d7275fc] output={null}]]]>
              </value>
            </param>
          </params>
          <reporter-output>
          </reporter-output>
        </test-method> <!-- getResult -->
        <test-method signature="verifyInvalidLogin()[pri:1, instance:appServices.LoginService@2d7275fc]" started-at="2022-08-05T20:06:16 IST" name="verifyInvalidLogin" description="InValid Login Test" finished-at="2022-08-05T20:06:18 IST" duration-ms="1578" status="PASS">
          <reporter-output>
          </reporter-output>
        </test-method> <!-- verifyInvalidLogin -->
        <test-method is-config="true" signature="getResult(org.testng.ITestResult)[pri:0, instance:appServices.LoginService@2d7275fc]" started-at="2022-08-05T20:06:18 IST" name="getResult" finished-at="2022-08-05T20:06:18 IST" duration-ms="358" status="PASS">
          <params>
            <param index="0">
              <value>
                <![CDATA[[TestResult name=verifyInvalidLogin status=SUCCESS method=LoginService.verifyInvalidLogin()[pri:1, instance:appServices.LoginService@2d7275fc] output={null}]]]>
              </value>
            </param>
          </params>
          <reporter-output>
          </reporter-output>
        </test-method> <!-- getResult -->
        <test-method is-config="true" signature="tearDown()[pri:0, instance:appServices.LoginService@2d7275fc]" started-at="2022-08-05T20:06:18 IST" name="tearDown" finished-at="2022-08-05T20:06:19 IST" duration-ms="938" status="PASS">
          <reporter-output>
          </reporter-output>
        </test-method> <!-- tearDown -->
      </class> <!-- appServices.LoginService -->
    </test> <!-- LoginTest -->
  </suite> <!-- Suite -->
</testng-results>
